<?xml version="1.0" encoding="UTF-8"?>
<!-- Generated by org.testng.reporters.JUnitReportReporter -->
<testsuite hostname="DNIS-325" name="scenario.AlphaTalks" tests="2" failures="0" timestamp="8 Jun 2015 12:44:10 GMT" time="22.083" errors="0">
  <testcase name="showMorePostBtnTest" time="13.472" classname="scenario.AlphaTalks"/>
  <testcase name="defaultPostsDisplayingTest" time="8.611" classname="scenario.AlphaTalks"/>
</testsuite> <!-- scenario.AlphaTalks -->
