<?xml version="1.0" encoding="UTF-8"?>
<!-- Generated by org.testng.reporters.JUnitReportReporter -->
<testsuite hostname="DNIS-325" name="scenario.Login" tests="1" failures="0" timestamp="8 Jun 2015 12:44:10 GMT" time="27.431" errors="0">
  <testcase name="loginWithValidDetails" time="27.431" classname="scenario.Login"/>
</testsuite> <!-- scenario.Login -->
