<?xml version="1.0" encoding="UTF-8"?>
<!-- Generated by org.testng.reporters.JUnitReportReporter -->
<testsuite hostname="DNIS-325" name="scenario.AlphaTalks" tests="1" failures="0" timestamp="8 Jun 2015 10:03:13 GMT" time="8.533" errors="0">
  <testcase name="defaultPostsDisplayingTest" time="8.533" classname="scenario.AlphaTalks"/>
</testsuite> <!-- scenario.AlphaTalks -->
