<?xml version="1.0" encoding="UTF-8"?>
<!-- Generated by org.testng.reporters.JUnitReportReporter -->
<testsuite hostname="DNIS-325" name="scenario.AlphaTalk" tests="3" failures="0" timestamp="5 Jun 2015 10:00:14 GMT" time="37.284" errors="0">
  <testcase name="shareTest" time="9.879" classname="scenario.AlphaTalk"/>
  <testcase name="shareTest" time="14.310" classname="scenario.AlphaTalk"/>
  <testcase name="shareTest" time="13.095" classname="scenario.AlphaTalk"/>
</testsuite> <!-- scenario.AlphaTalk -->
