<?xml version="1.0" encoding="UTF-8"?>
<!-- Generated by org.testng.reporters.JUnitReportReporter -->
<testsuite hostname="DNIS-325" name="scenario.Login" tests="1" failures="0" timestamp="8 Jun 2015 10:03:13 GMT" time="50.239" errors="0">
  <testcase name="loginWithValidDetails" time="50.239" classname="scenario.Login"/>
</testsuite> <!-- scenario.Login -->
