<?xml version="1.0" encoding="UTF-8"?>
<!-- Generated by org.testng.reporters.JUnitReportReporter -->
<testsuite hostname="DNIS-325" name="scenario.AlphaBites" tests="2" failures="0" timestamp="8 Jun 2015 12:44:10 GMT" time="21.643" errors="0">
  <testcase name="showMoreBitesBtnTest" time="13.400" classname="scenario.AlphaBites"/>
  <testcase name="defaultBitesDisplayingTest" time="8.243" classname="scenario.AlphaBites"/>
</testsuite> <!-- scenario.AlphaBites -->
