<?xml version="1.0" encoding="UTF-8"?>
<!-- Generated by org.testng.reporters.JUnitReportReporter -->
<testsuite hostname="DNIS-325" name="scenario.Sample" tests="2" failures="0" timestamp="8 Jun 2015 07:47:24 GMT" time="16.761" errors="0">
  <testcase name="defaultPostsDisplayingTest" time="8.553" classname="scenario.Sample"/>
  <testcase name="defaultBitesDisplayingTest" time="8.208" classname="scenario.Sample"/>
</testsuite> <!-- scenario.Sample -->
